<?xml version="1.0" encoding="UTF-8"?>
<!-- Generated by org.testng.reporters.JUnitReportReporter -->
<testsuite hostname="Asplap1008" failures="0" tests="3" name="org.dailybuzz.testscript.DailyBuzzTestScripts" time="0.550" errors="0" timestamp="2024-11-25T16:40:55 IST" skipped="0">
  <testcase classname="org.dailybuzz.testscript.DailyBuzzTestScripts" name="loginToTheApplication" time="0.051"/>
  <testcase classname="org.dailybuzz.testscript.DailyBuzzTestScripts" name="verifyTheHeadersAreDisplayedAndClickable" time="0.416"/>
  <testcase classname="org.dailybuzz.testscript.DailyBuzzTestScripts" name="verifyTheTitles" time="0.083"/>
</testsuite> <!-- org.dailybuzz.testscript.DailyBuzzTestScripts -->
